<?xml version="1.0" encoding="UTF-8"?>
<testng-results ignored="0" total="1" passed="1" failed="0" skipped="0">
  <reporter-output>
  </reporter-output>
  <suite started-at="2023-12-14T17:09:30 IST" name="Default suite" finished-at="2023-12-14T17:09:38 IST" duration-ms="8279">
    <groups>
    </groups>
    <test started-at="2023-12-14T17:09:30 IST" name="Default test" finished-at="2023-12-14T17:09:38 IST" duration-ms="8279">
      <class name="src2.RunnerScript">
        <test-method is-config="true" signature="openAppln()[pri:0, instance:src2.RunnerScript@732c2a62]" started-at="2023-12-14T17:09:30 IST" name="openAppln" finished-at="2023-12-14T17:09:36 IST" duration-ms="6737" status="PASS">
          <reporter-output>
          </reporter-output>
        </test-method> <!-- openAppln -->
        <test-method signature="validlogin()[pri:0, instance:src2.RunnerScript@732c2a62]" started-at="2023-12-14T17:09:36 IST" name="validlogin" finished-at="2023-12-14T17:09:36 IST" duration-ms="110" status="PASS">
          <reporter-output>
          </reporter-output>
        </test-method> <!-- validlogin -->
        <test-method is-config="true" signature="closeAppln()[pri:0, instance:src2.RunnerScript@732c2a62]" started-at="2023-12-14T17:09:36 IST" name="closeAppln" finished-at="2023-12-14T17:09:38 IST" duration-ms="1398" status="PASS">
          <reporter-output>
          </reporter-output>
        </test-method> <!-- closeAppln -->
      </class> <!-- src2.RunnerScript -->
    </test> <!-- Default test -->
  </suite> <!-- Default suite -->
</testng-results>
